<?xml version="1.0" encoding="UTF-8"?>
<testng-results ignored="0" total="2" passed="2" failed="0" skipped="0">
  <reporter-output>
  </reporter-output>
  <suite started-at="2021-04-10T16:37:03 IST" name="SanitySuite" finished-at="2021-04-10T16:37:44 IST" duration-ms="41560">
    <groups>
    </groups>
    <test started-at="2021-04-10T16:37:03 IST" name="SwiggyOnBoardandCreateOrder" finished-at="2021-04-10T16:37:44 IST" duration-ms="41560">
      <class name="com.POD.mainTestNG">
        <test-method is-config="true" signature="launchBrowser()[pri:0, instance:com.POD.mainTestNG@2f7c2f4f]" started-at="2021-04-10T16:37:03 IST" name="launchBrowser" finished-at="2021-04-10T16:37:06 IST" duration-ms="3812" status="PASS">
          <reporter-output>
          </reporter-output>
        </test-method> <!-- launchBrowser -->
        <test-method signature="SignUp()[pri:1, instance:com.POD.mainTestNG@2f7c2f4f]" started-at="2021-04-10T16:37:06 IST" name="SignUp" finished-at="2021-04-10T16:37:24 IST" duration-ms="17435" status="PASS">
          <reporter-output>
          </reporter-output>
        </test-method> <!-- SignUp -->
        <test-method signature="SearchItem()[pri:2, instance:com.POD.mainTestNG@2f7c2f4f]" started-at="2021-04-10T16:37:24 IST" name="SearchItem" finished-at="2021-04-10T16:37:43 IST" duration-ms="19106" status="PASS">
          <reporter-output>
          </reporter-output>
        </test-method> <!-- SearchItem -->
        <test-method is-config="true" signature="closeBrowser()[pri:0, instance:com.POD.mainTestNG@2f7c2f4f]" started-at="2021-04-10T16:37:43 IST" name="closeBrowser" finished-at="2021-04-10T16:37:44 IST" duration-ms="1092" status="PASS">
          <reporter-output>
          </reporter-output>
        </test-method> <!-- closeBrowser -->
      </class> <!-- com.POD.mainTestNG -->
    </test> <!-- SwiggyOnBoardandCreateOrder -->
  </suite> <!-- SanitySuite -->
</testng-results>
